  Collision.cpp
  DDSTextureLoader.cpp
  FireModelClass.cpp
  FireShaderClass.cpp
E:\과제\컴퓨터그래픽스실습2(다렉)\과제\FinalProject (B877032 장진혁)\FinalProject\FinalProject\FireShaderClass.cpp(1,1): warning C4819: 현재 코드 페이지(949)에서 표시할 수 없는 문자가 파일에 들어 있습니다. 데이터가 손실되지 않게 하려면 해당 파일을 유니코드 형식으로 저장하십시오.
  FpsClass.cpp
  bitmapclass.cpp
  cameraclass.cpp
  cpuclass.cpp
  d3dclass.cpp
  fontclass.cpp
  fontshaderclass.cpp
  graphicsclass.cpp
E:\과제\컴퓨터그래픽스실습2(다렉)\과제\FinalProject (B877032 장진혁)\FinalProject\FinalProject\graphicsclass.cpp(1196,29): warning C4244: '인수': 'float'에서 'int'(으)로 변환하면서 데이터가 손실될 수 있습니다.
E:\과제\컴퓨터그래픽스실습2(다렉)\과제\FinalProject (B877032 장진혁)\FinalProject\FinalProject\graphicsclass.cpp(1247,6): warning C4101: 'mouseX' :참조되지 않은 지역 변수입니다.
E:\과제\컴퓨터그래픽스실습2(다렉)\과제\FinalProject (B877032 장진혁)\FinalProject\FinalProject\graphicsclass.cpp(1245,39): warning C4101: 'matRot2' :참조되지 않은 지역 변수입니다.
E:\과제\컴퓨터그래픽스실습2(다렉)\과제\FinalProject (B877032 장진혁)\FinalProject\FinalProject\graphicsclass.cpp(1247,14): warning C4101: 'mouseY' :참조되지 않은 지역 변수입니다.
  inputclass.cpp
  lightclass.cpp
  lightshaderclass.cpp
  main.cpp
  modelclass.cpp
E:\과제\컴퓨터그래픽스실습2(다렉)\과제\FinalProject (B877032 장진혁)\FinalProject\FinalProject\modelclass.cpp(1113,27): warning C4244: '=': 'double'에서 'float'(으)로 변환하면서 데이터가 손실될 수 있습니다.
  soundclass.cpp
  systemclass.cpp
E:\과제\컴퓨터그래픽스실습2(다렉)\과제\FinalProject (B877032 장진혁)\FinalProject\FinalProject\systemclass.cpp(54,32): warning C4316: 'GraphicsClass': 힙에 할당된 개체가 16에 맞추어져 있지 않을 수도 있습니다
  textclass.cpp
  코드를 생성하고 있습니다...
E:\과제\컴퓨터그래픽스실습2(다렉)\과제\FinalProject (B877032 장진혁)\FinalProject\FinalProject\inputclass.cpp(309): warning C4715: 'InputClass::CheckSpaceState': 모든 제어 경로에서 값을 반환하지는 않습니다.
  컴파일하고 있습니다...
  textureclass.cpp
  textureshaderclass.cpp
  timerclass.cpp
  코드를 생성하고 있습니다...
  FinalProject.vcxproj -> E:\과제\컴퓨터그래픽스실습2(다렉)\과제\FinalProject (B877032 장진혁)\FinalProject\Debug\FinalProject.exe
